{"level":"info","message":"Server is running at http://localhost:3000","timestamp":"2025-07-15T14:17:52.139Z"}
{"level":"info","message":"Server is running at http://localhost:3000","timestamp":"2025-07-15T14:18:12.519Z"}
{"level":"info","message":"Server is running at http://localhost:3000","timestamp":"2025-07-15T14:18:19.246Z"}
{"level":"info","message":"Server is running at http://localhost:3000","timestamp":"2025-07-15T14:18:30.824Z"}
{"level":"info","message":"Server is running at http://localhost:3000","timestamp":"2025-07-15T14:18:40.589Z"}
{"level":"info","message":"Server is running at http://localhost:3000","timestamp":"2025-07-15T14:24:30.600Z"}
{"level":"info","message":"Server is running at http://localhost:3000","timestamp":"2025-07-15T14:26:19.166Z"}
{"level":"info","message":"Server is running at http://localhost:3000","timestamp":"2025-07-15T14:26:26.674Z"}
{"level":"info","message":"Server is running at http://localhost:3000","timestamp":"2025-07-15T14:26:51.527Z"}
{"level":"info","message":"Connected to the database","timestamp":"2025-07-15T14:26:51.853Z"}
{"level":"info","message":"Database connection test successful.","timestamp":"2025-07-15T14:26:51.853Z"}
{"level":"info","message":"Server is running at http://localhost:3000","timestamp":"2025-07-15T14:27:06.510Z"}
{"level":"info","message":"Connected to the database","timestamp":"2025-07-15T14:27:06.762Z"}
{"level":"info","message":"Database connection test successful.","timestamp":"2025-07-15T14:27:06.762Z"}
{"level":"info","message":"Server is running at http://localhost:3000","timestamp":"2025-07-15T14:27:14.847Z"}
{"level":"info","message":"Connected to the database","timestamp":"2025-07-15T14:27:15.147Z"}
{"level":"info","message":"Database connection test successful.","timestamp":"2025-07-15T14:27:15.148Z"}
{"level":"info","message":"Server is running at http://localhost:3000","timestamp":"2025-07-15T14:27:23.992Z"}
{"level":"info","message":"Connected to the database","timestamp":"2025-07-15T14:27:24.235Z"}
{"level":"info","message":"Database connection test successful.","timestamp":"2025-07-15T14:27:24.236Z"}
{"level":"info","message":"Server is running at http://localhost:3000","timestamp":"2025-07-15T14:29:12.299Z"}
{"level":"info","message":"Connected to the database","timestamp":"2025-07-15T14:29:12.572Z"}
{"level":"info","message":"Database connection test successful.","timestamp":"2025-07-15T14:29:12.573Z"}
{"level":"info","message":"Server is running at http://localhost:3000","timestamp":"2025-07-15T14:29:19.247Z"}
{"level":"info","message":"Connected to the database","timestamp":"2025-07-15T14:29:19.481Z"}
{"level":"info","message":"Database connection test successful.","timestamp":"2025-07-15T14:29:19.482Z"}
{"level":"info","message":"Server is running at http://localhost:3000","timestamp":"2025-07-15T14:29:32.124Z"}
{"level":"info","message":"Connected to the database","timestamp":"2025-07-15T14:29:32.365Z"}
{"level":"info","message":"Database connection test successful.","timestamp":"2025-07-15T14:29:32.366Z"}
{"level":"info","message":"Server is running at http://localhost:3000","timestamp":"2025-07-15T14:29:45.391Z"}
{"level":"info","message":"Connected to the database","timestamp":"2025-07-15T14:29:45.610Z"}
{"level":"info","message":"Database connection test successful.","timestamp":"2025-07-15T14:29:45.610Z"}
{"level":"info","message":"Server is running at http://localhost:3000","timestamp":"2025-07-15T14:29:47.262Z"}
{"level":"info","message":"Connected to the database","timestamp":"2025-07-15T14:29:47.486Z"}
{"level":"info","message":"Database connection test successful.","timestamp":"2025-07-15T14:29:47.486Z"}
{"level":"info","message":"Server is running at http://localhost:3000","timestamp":"2025-07-15T14:30:05.090Z"}
{"level":"info","message":"Connected to the database","timestamp":"2025-07-15T14:30:05.329Z"}
{"level":"info","message":"Database connection test successful.","timestamp":"2025-07-15T14:30:05.330Z"}
{"level":"info","message":"Server is running at http://localhost:3000","timestamp":"2025-07-15T14:33:16.027Z"}
{"level":"info","message":"Connected to the database","timestamp":"2025-07-15T14:33:16.319Z"}
{"level":"info","message":"Database connection test successful.","timestamp":"2025-07-15T14:33:16.320Z"}
{"level":"info","message":"Server is running at http://localhost:3000","timestamp":"2025-07-15T14:33:45.202Z"}
{"level":"info","message":"Connected to the database","timestamp":"2025-07-15T14:33:45.446Z"}
{"level":"info","message":"Database connection test successful.","timestamp":"2025-07-15T14:33:45.446Z"}
{"level":"info","message":"Server is running at http://localhost:3000","timestamp":"2025-07-15T14:33:56.201Z"}
{"level":"info","message":"Connected to the database","timestamp":"2025-07-15T14:33:56.421Z"}
{"level":"info","message":"Database connection test successful.","timestamp":"2025-07-15T14:33:56.422Z"}
{"level":"info","message":"Server is running at http://localhost:3000","timestamp":"2025-07-15T14:34:11.343Z"}
{"level":"info","message":"Connected to the database","timestamp":"2025-07-15T14:34:11.583Z"}
{"level":"info","message":"Database connection test successful.","timestamp":"2025-07-15T14:34:11.584Z"}
{"level":"info","message":"Server is running at http://localhost:3000","timestamp":"2025-07-15T14:34:19.799Z"}
{"level":"info","message":"Connected to the database","timestamp":"2025-07-15T14:34:20.044Z"}
{"level":"info","message":"Database connection test successful.","timestamp":"2025-07-15T14:34:20.044Z"}
{"level":"info","message":"Server is running at http://localhost:3000","timestamp":"2025-07-15T15:36:05.898Z"}
{"level":"info","message":"Connected to the database","timestamp":"2025-07-15T15:36:06.164Z"}
{"level":"info","message":"Database connection test successful.","timestamp":"2025-07-15T15:36:06.164Z"}
{"level":"info","message":"Server is running at http://localhost:3000","timestamp":"2025-07-15T15:37:15.725Z"}
{"level":"info","message":"Connected to the database","timestamp":"2025-07-15T15:37:16.020Z"}
{"level":"info","message":"Database connection test successful.","timestamp":"2025-07-15T15:37:16.020Z"}
{"level":"info","message":"Server is running at http://localhost:3000","timestamp":"2025-07-15T15:38:24.665Z"}
{"level":"info","message":"Connected to the database","timestamp":"2025-07-15T15:38:24.906Z"}
{"level":"info","message":"Database connection test successful.","timestamp":"2025-07-15T15:38:24.906Z"}
{"level":"info","message":"Server is running at http://localhost:3000","timestamp":"2025-07-15T15:38:41.339Z"}
{"level":"info","message":"Connected to the database","timestamp":"2025-07-15T15:38:41.546Z"}
{"level":"info","message":"Database connection test successful.","timestamp":"2025-07-15T15:38:41.547Z"}
{"level":"info","message":"Server is running at http://localhost:3000","timestamp":"2025-07-15T15:39:31.470Z"}
{"level":"info","message":"Connected to the database","timestamp":"2025-07-15T15:39:31.758Z"}
{"level":"info","message":"Database connection test successful.","timestamp":"2025-07-15T15:39:31.759Z"}
{"level":"info","message":"Server is running at http://localhost:3000","timestamp":"2025-07-15T15:39:49.966Z"}
{"level":"info","message":"Connected to the database","timestamp":"2025-07-15T15:39:50.211Z"}
{"level":"info","message":"Database connection test successful.","timestamp":"2025-07-15T15:39:50.211Z"}
{"level":"info","message":"Server is running at http://localhost:3000","timestamp":"2025-07-15T15:40:11.375Z"}
{"level":"info","message":"Connected to the database","timestamp":"2025-07-15T15:40:11.599Z"}
{"level":"info","message":"Database connection test successful.","timestamp":"2025-07-15T15:40:11.599Z"}
{"level":"info","message":"Server is running at http://localhost:3000","timestamp":"2025-07-15T15:40:21.306Z"}
{"level":"info","message":"Connected to the database","timestamp":"2025-07-15T15:40:21.552Z"}
{"level":"info","message":"Database connection test successful.","timestamp":"2025-07-15T15:40:21.552Z"}
{"level":"info","message":"Server is running at http://localhost:3000","timestamp":"2025-07-15T15:40:47.171Z"}
{"level":"info","message":"Connected to the database","timestamp":"2025-07-15T15:40:47.427Z"}
{"level":"info","message":"Database connection test successful.","timestamp":"2025-07-15T15:40:47.428Z"}
{"level":"info","message":"Connected to the database","timestamp":"2025-07-15T15:40:47.428Z"}
{"0":"users","level":"info","message":"Database tables in public schema:","timestamp":"2025-07-15T15:40:47.487Z"}
{"level":"info","message":"Server is running at http://localhost:3000","timestamp":"2025-07-15T15:41:18.160Z"}
{"level":"info","message":"Connected to the database","timestamp":"2025-07-15T15:41:18.387Z"}
{"level":"info","message":"Database connection test successful.","timestamp":"2025-07-15T15:41:18.388Z"}
{"level":"info","message":"Connected to the database","timestamp":"2025-07-15T15:41:18.388Z"}
{"level":"info","message":"Connected to the database","timestamp":"2025-07-15T15:41:18.404Z"}
{"0":"users","level":"info","message":"Database tables in public schema:","timestamp":"2025-07-15T15:41:18.452Z"}
{"level":"info","message":"\"quests\" table checked/created successfully.","timestamp":"2025-07-15T15:41:18.473Z"}
{"level":"info","message":"\"quest_participants\" table checked/created successfully.","timestamp":"2025-07-15T15:41:18.538Z"}
{"level":"info","message":"Server is running at http://localhost:3000","timestamp":"2025-07-15T15:41:50.056Z"}
{"level":"info","message":"Connected to the database","timestamp":"2025-07-15T15:41:50.298Z"}
{"level":"info","message":"Database connection test successful.","timestamp":"2025-07-15T15:41:50.298Z"}
{"level":"info","message":"Server is running at http://localhost:3000","timestamp":"2025-07-15T15:42:11.850Z"}
{"level":"info","message":"Connected to the database","timestamp":"2025-07-15T15:42:12.087Z"}
{"level":"info","message":"Database connection test successful.","timestamp":"2025-07-15T15:42:12.087Z"}
{"level":"info","message":"Server is running at http://localhost:3000","timestamp":"2025-07-15T15:42:33.239Z"}
{"level":"info","message":"Connected to the database","timestamp":"2025-07-15T15:42:33.462Z"}
{"level":"info","message":"Database connection test successful.","timestamp":"2025-07-15T15:42:33.463Z"}
{"level":"info","message":"Connected to the database","timestamp":"2025-07-15T15:42:33.477Z"}
{"level":"info","message":"\"quest_participants\" table altered successfully.","timestamp":"2025-07-15T15:42:33.537Z"}
{"level":"info","message":"Server is running at http://localhost:3000","timestamp":"2025-07-15T15:42:56.017Z"}
{"level":"info","message":"Connected to the database","timestamp":"2025-07-15T15:42:56.278Z"}
{"level":"info","message":"Connected to the database","timestamp":"2025-07-15T15:42:56.280Z"}
{"level":"info","message":"Database connection test successful.","timestamp":"2025-07-15T15:42:56.280Z"}
{"level":"info","message":"Connected to the database","timestamp":"2025-07-15T15:42:56.291Z"}
{"level":"info","message":"\"quest_participants\" table altered to add proof_of_completion.","timestamp":"2025-07-15T15:42:56.336Z"}
{"level":"info","message":"\"quest_participants\" table altered successfully.","timestamp":"2025-07-15T15:42:56.354Z"}
{"level":"info","message":"Server is running at http://localhost:3000","timestamp":"2025-07-15T15:43:13.613Z"}
{"level":"info","message":"Connected to the database","timestamp":"2025-07-15T15:43:13.859Z"}
{"level":"info","message":"Database connection test successful.","timestamp":"2025-07-15T15:43:13.860Z"}
{"level":"info","message":"Server is running at http://localhost:3000","timestamp":"2025-07-15T15:43:42.534Z"}
{"level":"info","message":"Connected to the database","timestamp":"2025-07-15T15:43:42.776Z"}
{"level":"info","message":"Database connection test successful.","timestamp":"2025-07-15T15:43:42.777Z"}
{"level":"info","message":"Server is running at http://localhost:3000","timestamp":"2025-07-15T15:45:51.707Z"}
{"level":"info","message":"Connected to the database","timestamp":"2025-07-15T15:45:52.012Z"}
{"level":"info","message":"Database connection test successful.","timestamp":"2025-07-15T15:45:52.013Z"}
{"level":"info","message":"Server is running at http://localhost:3000","timestamp":"2025-07-15T15:45:59.805Z"}
{"level":"info","message":"Connected to the database","timestamp":"2025-07-15T15:46:00.030Z"}
{"level":"info","message":"Database connection test successful.","timestamp":"2025-07-15T15:46:00.031Z"}
{"level":"info","message":"Server is running at http://localhost:3000","timestamp":"2025-07-15T15:46:08.842Z"}
{"level":"info","message":"Connected to the database","timestamp":"2025-07-15T15:46:09.052Z"}
{"level":"info","message":"Connected to the database","timestamp":"2025-07-15T15:46:09.079Z"}
{"level":"info","message":"Database connection test successful.","timestamp":"2025-07-15T15:46:09.079Z"}
{"level":"info","message":"\"quests\" table altered for location data successfully.","timestamp":"2025-07-15T15:46:09.105Z"}
{"level":"info","message":"Server is running at http://localhost:3000","timestamp":"2025-07-15T15:46:26.472Z"}
{"level":"info","message":"Connected to the database","timestamp":"2025-07-15T15:46:26.706Z"}
{"level":"info","message":"Database connection test successful.","timestamp":"2025-07-15T15:46:26.706Z"}
{"level":"info","message":"Server is running at http://localhost:3000","timestamp":"2025-07-15T15:46:42.107Z"}
{"level":"info","message":"Connected to the database","timestamp":"2025-07-15T15:46:42.344Z"}
{"level":"info","message":"Database connection test successful.","timestamp":"2025-07-15T15:46:42.344Z"}
{"level":"info","message":"Server is running at http://localhost:3000","timestamp":"2025-07-15T15:52:33.032Z"}
{"level":"info","message":"Connected to the database","timestamp":"2025-07-15T15:52:33.382Z"}
{"level":"info","message":"Connected to the database","timestamp":"2025-07-15T15:52:33.385Z"}
{"level":"info","message":"Database connection test successful.","timestamp":"2025-07-15T15:52:33.386Z"}
{"level":"info","message":"\"users\" table altered for profile data successfully.","timestamp":"2025-07-15T15:52:33.443Z"}
{"level":"info","message":"Server is running at http://localhost:3000","timestamp":"2025-07-15T15:53:51.503Z"}
{"level":"info","message":"Connected to the database","timestamp":"2025-07-15T15:53:51.763Z"}
{"level":"info","message":"Database connection test successful.","timestamp":"2025-07-15T15:53:51.764Z"}
{"level":"info","message":"Connected to the database","timestamp":"2025-07-15T15:53:51.778Z"}
{"level":"info","message":"\"users\" table altered for profile data successfully.","timestamp":"2025-07-15T15:53:51.843Z"}
{"level":"info","message":"Server is running at http://localhost:3000","timestamp":"2025-07-15T15:54:36.891Z"}
{"level":"info","message":"Server is running at http://localhost:3000","timestamp":"2025-07-15T15:54:36.946Z"}
{"level":"info","message":"Connected to the database","timestamp":"2025-07-15T15:54:37.125Z"}
{"level":"info","message":"Database connection test successful.","timestamp":"2025-07-15T15:54:37.125Z"}
{"level":"info","message":"Connected to the database","timestamp":"2025-07-15T15:54:37.164Z"}
{"level":"info","message":"Database connection test successful.","timestamp":"2025-07-15T15:54:37.164Z"}
{"level":"info","message":"Server is running at http://localhost:3000","timestamp":"2025-07-15T15:55:10.787Z"}
{"level":"info","message":"Server is running at http://localhost:3000","timestamp":"2025-07-15T15:55:10.808Z"}
{"level":"info","message":"Connected to the database","timestamp":"2025-07-15T15:55:11.060Z"}
{"level":"info","message":"Database connection test successful.","timestamp":"2025-07-15T15:55:11.060Z"}
{"level":"info","message":"Connected to the database","timestamp":"2025-07-15T15:55:11.061Z"}
{"level":"info","message":"Database connection test successful.","timestamp":"2025-07-15T15:55:11.062Z"}
{"level":"info","message":"Server is running at http://localhost:3000","timestamp":"2025-07-15T15:55:41.346Z"}
{"level":"info","message":"Server is running at http://localhost:3000","timestamp":"2025-07-15T15:55:41.351Z"}
{"level":"info","message":"Connected to the database","timestamp":"2025-07-15T15:55:41.562Z"}
{"level":"info","message":"Database connection test successful.","timestamp":"2025-07-15T15:55:41.562Z"}
{"level":"info","message":"Connected to the database","timestamp":"2025-07-15T15:55:41.600Z"}
{"level":"info","message":"Database connection test successful.","timestamp":"2025-07-15T15:55:41.601Z"}
{"level":"info","message":"Server is running at http://localhost:3000","timestamp":"2025-07-15T15:56:08.544Z"}
{"level":"info","message":"Server is running at http://localhost:3000","timestamp":"2025-07-15T15:56:08.568Z"}
{"level":"info","message":"Connected to the database","timestamp":"2025-07-15T15:56:08.780Z"}
{"level":"info","message":"Connected to the database","timestamp":"2025-07-15T15:56:08.780Z"}
{"level":"info","message":"Database connection test successful.","timestamp":"2025-07-15T15:56:08.781Z"}
{"level":"info","message":"Database connection test successful.","timestamp":"2025-07-15T15:56:08.781Z"}
{"level":"info","message":"Server is running at http://localhost:3000","timestamp":"2025-07-15T15:56:23.354Z"}
{"level":"info","message":"Server is running at http://localhost:3000","timestamp":"2025-07-15T15:56:23.356Z"}
{"level":"info","message":"Connected to the database","timestamp":"2025-07-15T15:56:23.643Z"}
{"level":"info","message":"Database connection test successful.","timestamp":"2025-07-15T15:56:23.643Z"}
{"level":"info","message":"Connected to the database","timestamp":"2025-07-15T15:56:23.646Z"}
{"level":"info","message":"Connected to the database","timestamp":"2025-07-15T15:56:23.648Z"}
{"level":"info","message":"Database connection test successful.","timestamp":"2025-07-15T15:56:23.648Z"}
{"level":"info","message":"Connected to the database","timestamp":"2025-07-15T15:56:23.663Z"}
{"level":"info","message":"\"user_follows\" table created successfully.","timestamp":"2025-07-15T15:56:23.710Z"}
{"level":"info","message":"\"user_follows\" table created successfully.","timestamp":"2025-07-15T15:56:23.726Z"}
{"level":"info","message":"Server is running at http://localhost:3000","timestamp":"2025-07-15T15:56:58.392Z"}
{"level":"info","message":"Connected to the database","timestamp":"2025-07-15T15:56:58.663Z"}
{"level":"info","message":"Database connection test successful.","timestamp":"2025-07-15T15:56:58.663Z"}
{"level":"info","message":"Server is running at http://localhost:3000","timestamp":"2025-07-15T15:57:19.308Z"}
{"level":"info","message":"Connected to the database","timestamp":"2025-07-15T15:57:19.552Z"}
{"level":"info","message":"Database connection test successful.","timestamp":"2025-07-15T15:57:19.553Z"}
{"level":"info","message":"Connected to the database","timestamp":"2025-07-15T15:57:19.554Z"}
{"level":"info","message":"\"user_follows\" table created successfully.","timestamp":"2025-07-15T15:57:19.616Z"}
{"level":"info","message":"Server is running at http://localhost:3000","timestamp":"2025-07-15T15:57:21.975Z"}
{"level":"info","message":"Connected to the database","timestamp":"2025-07-15T15:57:22.185Z"}
{"level":"info","message":"Database connection test successful.","timestamp":"2025-07-15T15:57:22.186Z"}
{"level":"info","message":"Connected to the database","timestamp":"2025-07-15T15:57:22.188Z"}
{"level":"info","message":"\"user_follows\" table created successfully.","timestamp":"2025-07-15T15:57:22.244Z"}
{"level":"info","message":"Server is running at http://localhost:3000","timestamp":"2025-07-15T15:57:33.283Z"}
{"level":"info","message":"Connected to the database","timestamp":"2025-07-15T15:57:33.567Z"}
{"level":"info","message":"Database connection test successful.","timestamp":"2025-07-15T15:57:33.568Z"}
{"level":"info","message":"Server is running at http://localhost:3000","timestamp":"2025-07-15T15:57:53.028Z"}
{"level":"info","message":"Connected to the database","timestamp":"2025-07-15T15:57:53.261Z"}
{"level":"info","message":"Database connection test successful.","timestamp":"2025-07-15T15:57:53.262Z"}
{"level":"info","message":"Server is running at http://localhost:3000","timestamp":"2025-07-15T15:58:02.564Z"}
{"level":"info","message":"Connected to the database","timestamp":"2025-07-15T15:58:02.778Z"}
{"level":"info","message":"Database connection test successful.","timestamp":"2025-07-15T15:58:02.778Z"}
{"level":"info","message":"Server is running at http://localhost:3000","timestamp":"2025-07-15T15:59:44.265Z"}
{"level":"info","message":"Connected to the database","timestamp":"2025-07-15T15:59:44.522Z"}
{"level":"info","message":"Database connection test successful.","timestamp":"2025-07-15T15:59:44.522Z"}
{"level":"info","message":"Server is running at http://localhost:3000","timestamp":"2025-07-15T16:06:00.317Z"}
{"level":"info","message":"Connected to the database","timestamp":"2025-07-15T16:06:00.591Z"}
{"level":"info","message":"Database connection test successful.","timestamp":"2025-07-15T16:06:00.592Z"}
{"level":"info","message":"Server is running at http://localhost:3000","timestamp":"2025-07-15T16:06:13.053Z"}
{"level":"info","message":"Connected to the database","timestamp":"2025-07-15T16:06:13.299Z"}
{"level":"info","message":"Database connection test successful.","timestamp":"2025-07-15T16:06:13.300Z"}
{"level":"info","message":"Server is running at http://localhost:3000","timestamp":"2025-07-15T16:06:25.889Z"}
{"level":"info","message":"Connected to the database","timestamp":"2025-07-15T16:06:26.097Z"}
{"level":"info","message":"Database connection test successful.","timestamp":"2025-07-15T16:06:26.098Z"}
{"level":"info","message":"Connected to the database","timestamp":"2025-07-15T16:06:26.127Z"}
{"level":"info","message":"\"users\" table altered for settings successfully.","timestamp":"2025-07-15T16:06:26.191Z"}
{"level":"info","message":"Server is running at http://localhost:3000","timestamp":"2025-07-15T16:07:47.210Z"}
{"level":"info","message":"Connected to the database","timestamp":"2025-07-15T16:07:47.470Z"}
{"level":"info","message":"Database connection test successful.","timestamp":"2025-07-15T16:07:47.470Z"}
{"level":"info","message":"Connected to the database","timestamp":"2025-07-15T16:07:47.476Z"}
{"level":"info","message":"\"users\" table altered for settings successfully.","timestamp":"2025-07-15T16:07:47.534Z"}
{"level":"info","message":"Server is running at http://localhost:3000","timestamp":"2025-07-15T16:08:01.243Z"}
{"level":"info","message":"Connected to the database","timestamp":"2025-07-15T16:08:01.487Z"}
{"level":"info","message":"Database connection test successful.","timestamp":"2025-07-15T16:08:01.488Z"}
{"level":"info","message":"Server is running at http://localhost:3000","timestamp":"2025-07-15T16:08:18.158Z"}
{"level":"info","message":"Connected to the database","timestamp":"2025-07-15T16:08:18.393Z"}
{"level":"info","message":"Database connection test successful.","timestamp":"2025-07-15T16:08:18.394Z"}
{"level":"info","message":"Server is running at http://localhost:3000","timestamp":"2025-07-15T16:08:36.675Z"}
{"level":"info","message":"Connected to the database","timestamp":"2025-07-15T16:08:36.906Z"}
{"level":"info","message":"Connected to the database","timestamp":"2025-07-15T16:08:36.910Z"}
{"level":"info","message":"Database connection test successful.","timestamp":"2025-07-15T16:08:36.911Z"}
{"level":"info","message":"Achievements tables created and seeded successfully.","timestamp":"2025-07-15T16:08:37.143Z"}
{"level":"info","message":"Server is running at http://localhost:3000","timestamp":"2025-07-15T16:11:39.404Z"}
{"level":"info","message":"Connected to the database","timestamp":"2025-07-15T16:11:39.658Z"}
{"level":"info","message":"Connected to the database","timestamp":"2025-07-15T16:11:39.668Z"}
{"level":"info","message":"Database connection test successful.","timestamp":"2025-07-15T16:11:39.669Z"}
{"level":"info","message":"Achievements tables created and seeded successfully.","timestamp":"2025-07-15T16:11:39.814Z"}
{"level":"info","message":"Server is running at http://localhost:3000","timestamp":"2025-07-15T16:11:55.477Z"}
{"level":"info","message":"Connected to the database","timestamp":"2025-07-15T16:11:55.729Z"}
{"level":"info","message":"Database connection test successful.","timestamp":"2025-07-15T16:11:55.730Z"}
{"level":"info","message":"Server is running at http://localhost:3000","timestamp":"2025-07-15T16:12:14.376Z"}
{"level":"info","message":"Connected to the database","timestamp":"2025-07-15T16:12:14.609Z"}
{"level":"info","message":"Database connection test successful.","timestamp":"2025-07-15T16:12:14.610Z"}
{"level":"info","message":"Server is running at http://localhost:3000","timestamp":"2025-07-15T16:12:28.115Z"}
{"level":"info","message":"Connected to the database","timestamp":"2025-07-15T16:12:28.331Z"}
{"level":"info","message":"Database connection test successful.","timestamp":"2025-07-15T16:12:28.331Z"}
{"level":"info","message":"Connected to the database","timestamp":"2025-07-15T16:12:28.332Z"}
{"level":"info","message":"\"user_activities\" table created successfully.","timestamp":"2025-07-15T16:12:28.389Z"}
{"level":"info","message":"Server is running at http://localhost:3000","timestamp":"2025-07-15T16:13:12.452Z"}
{"level":"info","message":"Connected to the database","timestamp":"2025-07-15T16:13:12.734Z"}
{"level":"info","message":"Connected to the database","timestamp":"2025-07-15T16:13:12.746Z"}
{"level":"info","message":"Database connection test successful.","timestamp":"2025-07-15T16:13:12.747Z"}
{"level":"info","message":"\"user_activities\" table created successfully.","timestamp":"2025-07-15T16:13:12.787Z"}
{"level":"info","message":"Server is running at http://localhost:3000","timestamp":"2025-07-15T16:13:32.613Z"}
{"level":"info","message":"Connected to the database","timestamp":"2025-07-15T16:13:32.860Z"}
{"level":"info","message":"Database connection test successful.","timestamp":"2025-07-15T16:13:32.860Z"}
{"level":"info","message":"User profile updated for user ID: 1","timestamp":"2025-07-15T16:37:42.858Z"}
{"level":"info","message":"User profile updated for user ID: 1","timestamp":"2025-07-15T16:39:09.169Z"}
{"level":"info","message":"Server is running at http://localhost:3000","timestamp":"2025-07-15T16:39:39.341Z"}
{"level":"info","message":"Connected to the database","timestamp":"2025-07-15T16:39:39.669Z"}
{"level":"info","message":"Database connection test successful.","timestamp":"2025-07-15T16:39:39.669Z"}
{"level":"info","message":"User profile updated for user ID: 1","timestamp":"2025-07-15T16:41:17.018Z"}
{"level":"info","message":"User profile updated for user ID: 1","timestamp":"2025-07-15T16:42:21.561Z"}
{"level":"info","message":"User profile updated for user ID: 1","timestamp":"2025-07-15T16:43:32.504Z"}
{"level":"info","message":"User profile updated for user ID: 1","timestamp":"2025-07-15T16:44:59.257Z"}
{"level":"info","message":"User profile updated for user ID: 1","timestamp":"2025-07-15T16:47:36.106Z"}
{"level":"info","message":"User 202 unlocked achievement 1: 'First Quest Completed'","timestamp":"2025-07-15T16:47:36.618Z"}
{"level":"info","message":"Distributing 1000000 reward to 0xaaaaaaaaaaaaaaaaaaaaaaaaaaaaaaaaaaaaaaaaaaaaaaaaaaaaaaaaaaaaaaaa for quest 101","timestamp":"2025-07-15T16:47:36.621Z"}
{"level":"info","message":"Quest 101 completion verified for user 202 by 1","timestamp":"2025-07-15T16:47:36.622Z"}
{"level":"info","message":"Server is running at http://localhost:3000","timestamp":"2025-07-15T16:47:55.234Z"}
{"level":"info","message":"Connected to the database","timestamp":"2025-07-15T16:47:55.489Z"}
{"level":"info","message":"Database connection test successful.","timestamp":"2025-07-15T16:47:55.490Z"}
{"level":"info","message":"User profile updated for user ID: 1","timestamp":"2025-07-15T16:48:48.417Z"}
{"level":"info","message":"User 202 unlocked achievement 1: 'First Quest Completed'","timestamp":"2025-07-15T16:48:49.066Z"}
{"level":"info","message":"Distributing 500000 reward to 0xaaaaaaaaaaaaaaaaaaaaaaaaaaaaaaaaaaaaaaaaaaaaaaaaaaaaaaaaaaaaaaaa for quest 101","timestamp":"2025-07-15T16:48:49.070Z"}
{"level":"info","message":"Quest 101 completion verified for user 202 by 1","timestamp":"2025-07-15T16:48:49.071Z"}
{"level":"info","message":"User profile updated for user ID: 1","timestamp":"2025-07-15T16:49:43.307Z"}
{"level":"info","message":"User 202 unlocked achievement 1: 'First Quest Completed'","timestamp":"2025-07-15T16:49:43.812Z"}
{"level":"info","message":"Distributing 500000 reward to 0xaaaaaaaaaaaaaaaaaaaaaaaaaaaaaaaaaaaaaaaaaaaaaaaaaaaaaaaaaaaaaaaa for quest 101","timestamp":"2025-07-15T16:49:43.816Z"}
{"level":"info","message":"Quest 101 completion verified for user 202 by 1","timestamp":"2025-07-15T16:49:43.817Z"}
{"level":"error","message":"Error verifying quest completion for quest 101: Cannot read properties of undefined (reading 'rows')","stack":"TypeError: Cannot read properties of undefined (reading 'rows')\n    at C:\\Users\\Java\\Documents\\Tomeku-Projects\\Hackathon\\Lunoa\\Backend\\src\\api\\v1\\quests\\quests.controller.ts:301:21\n    at Generator.next (<anonymous>)\n    at fulfilled (C:\\Users\\Java\\Documents\\Tomeku-Projects\\Hackathon\\Lunoa\\Backend\\src\\api\\v1\\quests\\quests.controller.ts:5:58)\n    at processTicksAndRejections (node:internal/process/task_queues:105:5)","timestamp":"2025-07-15T16:49:43.836Z"}
{"level":"info","message":"User profile updated for user ID: 1","timestamp":"2025-07-15T16:51:04.417Z"}
{"level":"info","message":"User profile updated for user ID: 1","timestamp":"2025-07-15T16:58:58.580Z"}
{"level":"info","message":"User 202 unlocked achievement 1: 'First Quest Completed'","timestamp":"2025-07-15T16:58:59.182Z"}
{"level":"info","message":"Distributing 500000 reward to 0xaaaaaaaaaaaaaaaaaaaaaaaaaaaaaaaaaaaaaaaaaaaaaaaaaaaaaaaaaaaaaaaa for quest 101","timestamp":"2025-07-15T16:58:59.185Z"}
{"level":"info","message":"Quest 101 completion verified for user 202 by 1","timestamp":"2025-07-15T16:58:59.186Z"}
{"level":"error","message":"Error verifying quest completion for quest 101: Cannot read properties of undefined (reading 'rows')","stack":"TypeError: Cannot read properties of undefined (reading 'rows')\n    at C:\\Users\\Java\\Documents\\Tomeku-Projects\\Hackathon\\Lunoa\\Backend\\src\\api\\v1\\quests\\quests.controller.ts:317:27\n    at Generator.next (<anonymous>)\n    at fulfilled (C:\\Users\\Java\\Documents\\Tomeku-Projects\\Hackathon\\Lunoa\\Backend\\src\\api\\v1\\quests\\quests.controller.ts:5:58)\n    at processTicksAndRejections (node:internal/process/task_queues:105:5)","timestamp":"2025-07-15T16:58:59.201Z"}
{"level":"warn","message":"User 202 has no Aptos address linked. Skipping reward distribution for quest 101.","timestamp":"2025-07-15T16:58:59.212Z"}
{"level":"info","message":"Quest 101 completion verified for user 202 by 1","timestamp":"2025-07-15T16:58:59.212Z"}
{"level":"info","message":"User profile updated for user ID: 1","timestamp":"2025-07-15T16:59:26.942Z"}
{"level":"info","message":"Distributing 500000 reward to 0xaaaaaaaaaaaaaaaaaaaaaaaaaaaaaaaaaaaaaaaaaaaaaaaaaaaaaaaaaaaaaaaa for quest 101","timestamp":"2025-07-15T16:59:32.517Z"}
{"level":"info","message":"Quest 101 completion verified for user 202 by 1","timestamp":"2025-07-15T16:59:32.521Z"}
{"level":"info","message":"User profile updated for user ID: 1","timestamp":"2025-07-15T17:00:26.564Z"}
{"level":"info","message":"User 202 unlocked achievement 1: 'First Quest Completed'","timestamp":"2025-07-15T17:00:27.157Z"}
{"level":"info","message":"Distributing 500000 reward to 0xaaaaaaaaaaaaaaaaaaaaaaaaaaaaaaaaaaaaaaaaaaaaaaaaaaaaaaaaaaaaaaaa for quest 101","timestamp":"2025-07-15T17:00:27.161Z"}
{"level":"info","message":"Quest 101 completion verified for user 202 by 1","timestamp":"2025-07-15T17:00:27.161Z"}
{"level":"warn","message":"User 202 has no Aptos address linked. Skipping reward distribution for quest 101.","timestamp":"2025-07-15T17:00:27.180Z"}
{"level":"info","message":"Quest 101 completion verified for user 202 by 1","timestamp":"2025-07-15T17:00:27.181Z"}
{"level":"info","message":"User 202 unlocked achievement 1: 'First Quest Completed'","timestamp":"2025-07-15T17:01:55.780Z"}
{"level":"info","message":"Distributing 500000 reward to 0xaaaaaaaaaaaaaaaaaaaaaaaaaaaaaaaaaaaaaaaaaaaaaaaaaaaaaaaaaaaaaaaa for quest 101","timestamp":"2025-07-15T17:01:55.783Z"}
{"level":"info","message":"Quest 101 completion verified for user 202 by 1","timestamp":"2025-07-15T17:01:55.784Z"}
{"level":"warn","message":"User 202 has no Aptos address linked. Skipping reward distribution for quest 101.","timestamp":"2025-07-15T17:01:55.813Z"}
{"level":"info","message":"Quest 101 completion verified for user 202 by 1","timestamp":"2025-07-15T17:01:55.814Z"}
{"level":"info","message":"User profile updated for user ID: 1","timestamp":"2025-07-15T17:01:55.939Z"}
{"level":"info","message":"User 202 unlocked achievement 1: 'First Quest Completed'","timestamp":"2025-07-15T17:30:49.922Z"}
{"level":"info","message":"Distributing 500000 reward to 0xaaaaaaaaaaaaaaaaaaaaaaaaaaaaaaaaaaaaaaaaaaaaaaaaaaaaaaaaaaaaaaaa for quest 101","timestamp":"2025-07-15T17:30:49.924Z"}
{"level":"info","message":"Quest 101 completion verified for user 202 by 1","timestamp":"2025-07-15T17:30:49.924Z"}
{"level":"warn","message":"User 202 has no Aptos address linked. Skipping reward distribution for quest 101.","timestamp":"2025-07-15T17:30:49.945Z"}
{"level":"info","message":"Quest 101 completion verified for user 202 by 1","timestamp":"2025-07-15T17:30:49.946Z"}
{"created_at":"2025-07-15T17:30:49.947Z","creator_id":"1","currency":"Lunoa","description":"A quest for testing","expires_at":"2025-07-16T17:30:49.947Z","id":"101","level":"info","message":"New quest created:","reward":"100","status":"active","timestamp":"2025-07-15T17:30:49.951Z","title":"Test Quest","type":"social"}
{"level":"info","message":"User 202 unlocked achievement 1: 'First Quest Completed'","timestamp":"2025-07-15T17:31:57.534Z"}
{"level":"info","message":"Distributing 500000 reward to 0xaaaaaaaaaaaaaaaaaaaaaaaaaaaaaaaaaaaaaaaaaaaaaaaaaaaaaaaaaaaaaaaa for quest 101","timestamp":"2025-07-15T17:31:57.537Z"}
{"level":"info","message":"Quest 101 completion verified for user 202 by 1","timestamp":"2025-07-15T17:31:57.537Z"}
{"level":"warn","message":"User 202 has no Aptos address linked. Skipping reward distribution for quest 101.","timestamp":"2025-07-15T17:31:57.558Z"}
{"level":"info","message":"Quest 101 completion verified for user 202 by 1","timestamp":"2025-07-15T17:31:57.558Z"}
{"created_at":"2025-07-15T17:31:57.560Z","creator_id":"1","currency":"Lunoa","description":"A quest for testing","expires_at":"2025-07-16T17:31:57.560Z","id":"101","level":"info","message":"New quest created:","reward":"100","status":"active","timestamp":"2025-07-15T17:31:57.565Z","title":"Test Quest","type":"social"}
{"level":"info","message":"User 202 unlocked achievement 1: 'First Quest Completed'","timestamp":"2025-07-15T17:33:03.406Z"}
{"level":"info","message":"Distributing 500000 reward to 0xaaaaaaaaaaaaaaaaaaaaaaaaaaaaaaaaaaaaaaaaaaaaaaaaaaaaaaaaaaaaaaaa for quest 101","timestamp":"2025-07-15T17:33:03.408Z"}
{"level":"info","message":"Quest 101 completion verified for user 202 by 1","timestamp":"2025-07-15T17:33:03.409Z"}
{"level":"warn","message":"User 202 has no Aptos address linked. Skipping reward distribution for quest 101.","timestamp":"2025-07-15T17:33:03.428Z"}
{"level":"info","message":"Quest 101 completion verified for user 202 by 1","timestamp":"2025-07-15T17:33:03.428Z"}
{"created_at":"2025-07-15T17:33:03.430Z","creator_id":"1","currency":"Lunoa","description":"A quest for testing","expires_at":"2025-07-16T17:33:03.430Z","id":"101","level":"info","message":"New quest created:","reward":"100","status":"active","timestamp":"2025-07-15T17:33:03.434Z","title":"Test Quest","type":"social"}
{"level":"info","message":"User 202 unlocked achievement 1: 'First Quest Completed'","timestamp":"2025-07-15T17:34:09.099Z"}
{"level":"info","message":"Distributing 500000 reward to 0xaaaaaaaaaaaaaaaaaaaaaaaaaaaaaaaaaaaaaaaaaaaaaaaaaaaaaaaaaaaaaaaa for quest 101","timestamp":"2025-07-15T17:34:09.100Z"}
{"level":"info","message":"Quest 101 completion verified for user 202 by 1","timestamp":"2025-07-15T17:34:09.101Z"}
{"level":"warn","message":"User 202 has no Aptos address linked. Skipping reward distribution for quest 101.","timestamp":"2025-07-15T17:34:09.117Z"}
{"level":"info","message":"Quest 101 completion verified for user 202 by 1","timestamp":"2025-07-15T17:34:09.117Z"}
{"created_at":"2025-01-01T00:00:00.000Z","creator_id":"1","currency":"Lunoa","description":"A quest for testing","expires_at":"2025-01-02T00:00:00.000Z","id":"101","level":"info","message":"New quest created:","reward":"100","status":"active","timestamp":"2025-07-15T17:34:09.123Z","title":"Test Quest","type":"social"}
{"level":"info","message":"User 202 unlocked achievement 1: 'First Quest Completed'","timestamp":"2025-07-15T17:35:39.758Z"}
{"level":"info","message":"Distributing 500000 reward to 0xaaaaaaaaaaaaaaaaaaaaaaaaaaaaaaaaaaaaaaaaaaaaaaaaaaaaaaaaaaaaaaaa for quest 101","timestamp":"2025-07-15T17:35:39.760Z"}
{"level":"info","message":"Quest 101 completion verified for user 202 by 1","timestamp":"2025-07-15T17:35:39.761Z"}
{"level":"warn","message":"User 202 has no Aptos address linked. Skipping reward distribution for quest 101.","timestamp":"2025-07-15T17:35:39.781Z"}
{"level":"info","message":"Quest 101 completion verified for user 202 by 1","timestamp":"2025-07-15T17:35:39.782Z"}
{"created_at":"2025-01-01T00:00:00.000Z","creator_id":"1","currency":"Lunoa","description":"A quest for testing","expires_at":"2025-01-02T00:00:00.000Z","id":"101","level":"info","message":"New quest created:","reward":"100","status":"active","timestamp":"2025-07-15T17:35:39.788Z","title":"Test Quest","type":"social"}
{"level":"info","message":"User 202 unlocked achievement 1: 'First Quest Completed'","timestamp":"2025-07-15T17:39:31.979Z"}
{"level":"info","message":"Distributing 500000 reward to 0xaaaaaaaaaaaaaaaaaaaaaaaaaaaaaaaaaaaaaaaaaaaaaaaaaaaaaaaaaaaaaaaa for quest 101","timestamp":"2025-07-15T17:39:31.981Z"}
{"level":"info","message":"Quest 101 completion verified for user 202 by 1","timestamp":"2025-07-15T17:39:31.981Z"}
{"level":"warn","message":"User 202 has no Aptos address linked. Skipping reward distribution for quest 101.","timestamp":"2025-07-15T17:39:31.996Z"}
{"level":"info","message":"Quest 101 completion verified for user 202 by 1","timestamp":"2025-07-15T17:39:31.996Z"}
{"created_at":"2025-01-01T00:00:00.000Z","creator_id":"1","currency":"Lunoa","description":"A quest for testing","expires_at":"2025-01-02T00:00:00.000Z","id":"101","level":"info","message":"New quest created:","reward":"100","status":"active","timestamp":"2025-07-15T17:39:32.001Z","title":"Test Quest","type":"social"}
{"level":"info","message":"User 202 unlocked achievement 1: 'First Quest Completed'","timestamp":"2025-07-15T17:40:04.459Z"}
{"level":"info","message":"Distributing 500000 reward to 0xaaaaaaaaaaaaaaaaaaaaaaaaaaaaaaaaaaaaaaaaaaaaaaaaaaaaaaaaaaaaaaaa for quest 101","timestamp":"2025-07-15T17:40:04.461Z"}
{"level":"info","message":"Quest 101 completion verified for user 202 by 1","timestamp":"2025-07-15T17:40:04.461Z"}
{"level":"warn","message":"User 202 has no Aptos address linked. Skipping reward distribution for quest 101.","timestamp":"2025-07-15T17:40:04.476Z"}
{"level":"info","message":"Quest 101 completion verified for user 202 by 1","timestamp":"2025-07-15T17:40:04.476Z"}
{"created_at":"2025-01-01T00:00:00.000Z","creator_id":"1","currency":"Lunoa","description":"A quest for testing","expires_at":"2025-01-02T00:00:00.000Z","id":"101","level":"info","message":"New quest created:","reward":"100","status":"active","timestamp":"2025-07-15T17:40:04.482Z","title":"Test Quest","type":"social"}
{"level":"info","message":"User 202 unlocked achievement 1: 'First Quest Completed'","timestamp":"2025-07-15T17:42:29.760Z"}
{"level":"info","message":"Distributing 500000 reward to 0xaaaaaaaaaaaaaaaaaaaaaaaaaaaaaaaaaaaaaaaaaaaaaaaaaaaaaaaaaaaaaaaa for quest 101","timestamp":"2025-07-15T17:42:29.762Z"}
{"level":"info","message":"Quest 101 completion verified for user 202 by 1","timestamp":"2025-07-15T17:42:29.762Z"}
{"level":"warn","message":"User 202 has no Aptos address linked. Skipping reward distribution for quest 101.","timestamp":"2025-07-15T17:42:29.778Z"}
{"level":"info","message":"Quest 101 completion verified for user 202 by 1","timestamp":"2025-07-15T17:42:29.778Z"}
{"created_at":"2025-01-01T00:00:00.000Z","creator_id":"1","currency":"Lunoa","description":"A quest for testing","expires_at":"2025-01-02T00:00:00.000Z","id":"101","level":"info","message":"New quest created:","reward":"100","status":"active","timestamp":"2025-07-15T17:42:29.783Z","title":"Test Quest","type":"social"}
{"level":"info","message":"User 2 joined quest 101","timestamp":"2025-07-15T17:42:29.790Z"}
{"level":"info","message":"User 202 unlocked achievement 1: 'First Quest Completed'","timestamp":"2025-07-15T17:44:35.164Z"}
{"level":"info","message":"Distributing 500000 reward to 0xaaaaaaaaaaaaaaaaaaaaaaaaaaaaaaaaaaaaaaaaaaaaaaaaaaaaaaaaaaaaaaaa for quest 101","timestamp":"2025-07-15T17:44:35.166Z"}
{"level":"info","message":"Quest 101 completion verified for user 202 by 1","timestamp":"2025-07-15T17:44:35.167Z"}
{"level":"warn","message":"User 202 has no Aptos address linked. Skipping reward distribution for quest 101.","timestamp":"2025-07-15T17:44:35.182Z"}
{"level":"info","message":"Quest 101 completion verified for user 202 by 1","timestamp":"2025-07-15T17:44:35.182Z"}
{"created_at":"2025-01-01T00:00:00.000Z","creator_id":"1","currency":"Lunoa","description":"A quest for testing","expires_at":"2025-01-02T00:00:00.000Z","id":"101","level":"info","message":"New quest created:","reward":"100","status":"active","timestamp":"2025-07-15T17:44:35.187Z","title":"Test Quest","type":"social"}
{"level":"info","message":"User 2 joined quest 101","timestamp":"2025-07-15T17:44:35.194Z"}
{"level":"info","message":"User 202 unlocked achievement 1: 'First Quest Completed'","timestamp":"2025-07-15T17:45:24.414Z"}
{"level":"info","message":"Distributing 500000 reward to 0xaaaaaaaaaaaaaaaaaaaaaaaaaaaaaaaaaaaaaaaaaaaaaaaaaaaaaaaaaaaaaaaa for quest 101","timestamp":"2025-07-15T17:45:24.416Z"}
{"level":"info","message":"Quest 101 completion verified for user 202 by 1","timestamp":"2025-07-15T17:45:24.416Z"}
{"level":"warn","message":"User 202 has no Aptos address linked. Skipping reward distribution for quest 101.","timestamp":"2025-07-15T17:45:24.431Z"}
{"level":"info","message":"Quest 101 completion verified for user 202 by 1","timestamp":"2025-07-15T17:45:24.431Z"}
{"created_at":"2025-01-01T00:00:00.000Z","creator_id":"1","currency":"Lunoa","description":"A quest for testing","expires_at":"2025-01-02T00:00:00.000Z","id":"101","level":"info","message":"New quest created:","reward":"100","status":"active","timestamp":"2025-07-15T17:45:24.437Z","title":"Test Quest","type":"social"}
{"level":"info","message":"User 2 joined quest 101","timestamp":"2025-07-15T17:45:24.444Z"}
{"level":"info","message":"User 3 marked quest 102 as completed.","timestamp":"2025-07-15T17:45:24.456Z"}
{"level":"info","message":"Server is running at http://localhost:3000","timestamp":"2025-07-15T17:45:58.026Z"}
{"level":"info","message":"Connected to the database","timestamp":"2025-07-15T17:45:58.266Z"}
{"level":"info","message":"Database connection test successful.","timestamp":"2025-07-15T17:45:58.267Z"}
